make all --print-data-base --no-builtin-variables --no-builtin-rules --question
make: *** No rule to make target 'all'.  Stop.

# GNU Make 4.2.1
# Built for x86_64-pc-linux-gnu
# Copyright (C) 1988-2016 Free Software Foundation, Inc.
# License GPLv3+: GNU GPL version 3 or later <http://gnu.org/licenses/gpl.html>
# This is free software: you are free to change and redistribute it.
# There is NO WARRANTY, to the extent permitted by law.

# Make data base, printed on Thu Jul 21 10:27:03 2022

# Variables

# automatic
<D = $(patsubst %/,%,$(dir $<))
# automatic
?F = $(notdir $?)
# environment
DESKTOP_SESSION = cinnamon
# default
.SHELLFLAGS := -c
# environment
XDG_SESSION_CLASS = user
# environment
XDG_SESSION_TYPE = x11
# environment
GTK3_MODULES = xapp-gtk3-module
# automatic
?D = $(patsubst %/,%,$(dir $?))
# automatic
@D = $(patsubst %/,%,$(dir $@))
# environment
XAUTHORITY = /home/matthew/.Xauthority
# environment
GDMSESSION = cinnamon
# default
MAKE_VERSION := 4.2.1
# makefile
CURDIR := /home/matthew/Development/repos/ludwig
# makefile
SHELL = /bin/sh
# environment
GDM_LANG = en_GB
# makefile (from 'Makefile.mk', line 24)
ROOT_DIR := ./
# environment
VSCODE_NLS_CONFIG = {"locale":"en-gb","availableLanguages":{},"_languagePackSupport":true}
# environment
_ = /usr/share/code/code
# makefile (from 'config.mk', line 13)
CFLAGS = -O -g -Wall
# environment
XDG_CONFIG_DIRS = /etc/xdg/xdg-cinnamon:/etc/xdg
# environment
GTK_OVERLAY_SCROLLING = 1
# makefile (from 'config.mk', line 1)
MAKEFILE_LIST :=  Makefile Makefile.mk config.mk
# automatic
@F = $(notdir $@)
# environment
GIO_LAUNCHED_DESKTOP_FILE = /usr/share/applications/code.desktop
# 'override' directive
GNUMAKEFLAGS := 
# environment
MANDATORY_PATH = /usr/share/gconf/cinnamon.mandatory.path
# environment
XDG_DATA_DIRS = /usr/share/cinnamon:/usr/share/gnome:/home/matthew/.local/share/flatpak/exports/share:/var/lib/flatpak/exports/share:/usr/local/share:/usr/share
# environment
DBUS_SESSION_BUS_ADDRESS = unix:path=/run/user/1000/bus
# environment
LESSOPEN = | /usr/bin/lesspipe %s
# environment
VSCODE_CWD = /home/matthew
# environment
XDG_SESSION_PATH = /org/freedesktop/DisplayManager/Session0
# default
MAKE_HOST := x86_64-pc-linux-gnu
# environment
PATH = /usr/local/sbin:/usr/local/bin:/usr/sbin:/usr/bin:/sbin:/bin:/usr/games:/usr/local/games:/snap/bin
# environment
GPG_AGENT_INFO = /run/user/1000/gnupg/S.gpg-agent:0:1
# environment
SESSION_MANAGER = local/fractal-12700k:@/tmp/.ICE-unix/1298,unix/fractal-12700k:/tmp/.ICE-unix/1298
# environment
XDG_RUNTIME_DIR = /run/user/1000
# makefile (from 'config.mk', line 16)
ARFLAGS = -cru
# makefile (from 'config.mk', line 23)
LAUNCH_SERIAL_CMD = 
# makefile (from 'Makefile.mk', line 32)
TARGET_LIB = $(ROOT_DIR)./target/libtarget.a
# makefile (from 'config.mk', line 15)
AR = ar
# environment
ELECTRON_RUN_AS_NODE = 1
# makefile (from 'config.mk', line 17)
LDFLAGS = 
# default
.FEATURES := target-specific order-only second-expansion else-if shortest-stem undefine oneshell archives jobserver output-sync check-symlink load
# environment
XDG_GREETER_DATA_DIR = /var/lib/lightdm-data/matthew
# environment
LS_COLORS = 
# environment
XDG_SESSION_DESKTOP = cinnamon
# environment
SSH_AUTH_SOCK = /run/user/1000/keyring/ssh
# environment
GIO_LAUNCHED_DESKTOP_FILE_PID = 7725
# automatic
%F = $(notdir $%)
# environment
DISPLAY = :0
# makefile (from 'Makefile.mk', line 30)
TARGET_INC_PATH = -I$(ROOT_DIR)./target
# makefile (from 'Makefile.mk', line 46)
MPI_LIB = -lmpi
# environment
PWD = /home/matthew/Development/repos/ludwig
# environment
QT_QPA_PLATFORMTHEME = qt5ct
# makefile (from 'config.mk', line 10)
MODEL = -D_D3Q19_
# default
.LOADED := 
# environment
XDG_SEAT = seat0
# environment
SSH_AGENT_PID = 1369
# environment
ORIGINAL_XDG_CURRENT_DESKTOP = X-Cinnamon
# environment
GTK_MODULES = gail:atk-bridge
# environment
VSCODE_AMD_ENTRYPOINT = vs/workbench/api/node/extensionHostProcess
# environment
HOME = /home/matthew
# environment
LESSCLOSE = /usr/bin/lesspipe %s %s
# environment
VSCODE_CODE_CACHE_PATH = /home/matthew/.config/Code/CachedData/3b889b090b5ad5793f524b5d1d39fda662b96a2a
# environment
LOGNAME = matthew
# environment
APPLICATION_INSIGHTS_NO_DIAGNOSTIC_CHANNEL = 1
# makefile (from 'Makefile.mk', line 44)
MPI_INC_PATH = -I$(ROOT_DIR)./mpi_s
# environment
VSCODE_HANDLES_UNCAUGHT_ERRORS = true
# environment
GNOME_DESKTOP_SESSION_ID = this-is-deprecated
# automatic
^D = $(patsubst %/,%,$(dir $^))
# environment
XDG_VTNR = 7
# environment
MAKELEVEL := 0
# default
MAKE = $(MAKE_COMMAND)
# default
MAKECMDGOALS := all
# environment
SHLVL = 0
# makefile (from 'Makefile.mk', line 31)
TARGET_LIB_PATH = 
# makefile (from 'config.mk', line 12)
CC = gcc
# environment
XDG_SESSION_ID = c2
# environment
USER = matthew
# makefile
.DEFAULT_GOAL := default
# environment
XDG_CURRENT_DESKTOP = X-Cinnamon
# automatic
%D = $(patsubst %/,%,$(dir $%))
# default
MAKE_COMMAND := make
# makefile (from 'Makefile.mk', line 42)
MY_BUILD = "serial version"
# default
.VARIABLES := 
# automatic
*F = $(notdir $*)
# environment
LANGUAGE = en_GB:en
# makefile (from 'Makefile.mk', line 45)
MPI_LIB_PATH = -L$(ROOT_DIR)./mpi_s
# environment
XDG_SEAT_PATH = /org/freedesktop/DisplayManager/Seat0
# environment
VSCODE_IPC_HOOK = /run/user/1000/vscode-821ae2b8-1.69.2-main.sock
# makefile
MAKEFLAGS = pqrR
# environment
MFLAGS = -pqrR
# automatic
*D = $(patsubst %/,%,$(dir $*))
# automatic
+D = $(patsubst %/,%,$(dir $+))
# environment
GDK_BACKEND = x11
# automatic
+F = $(notdir $+)
# environment
CINNAMON_VERSION = 5.2.7
# environment
QT_ACCESSIBILITY = 1
# environment
DEFAULTS_PATH = /usr/share/gconf/cinnamon.default.path
# default
MAKEFILES := 
# makefile (from 'config.mk', line 9)
BUILD = serial
# automatic
<F = $(notdir $<)
# environment
LC_ALL = C
# makefile (from 'config.mk', line 24)
LAUNCH_MPIRUN_CMD = 
# environment
GJS_DEBUG_TOPICS = JS ERROR;JS LOG
# automatic
^F = $(notdir $^)
# default
SUFFIXES := 
# environment
CHROME_DESKTOP = code-url-handler.desktop
# default
.INCLUDE_DIRS = /usr/include /usr/local/include /usr/include
# environment
GJS_DEBUG_OUTPUT = stderr
# default
.RECIPEPREFIX := 
# environment
LANG = C
# environment
VSCODE_PID = 7725
# variable set hash-table stats:
# Load=113/1024=11%, Rehash=0, Collisions=7/148=5%

# Pattern-specific Variable Values

# No pattern-specific variable values.

# Directories

# . (device 2052, inode 6684867): 25 files, no impossibilities.

# 25 files, no impossibilities in 1 directories.

# Implicit Rules

# No implicit rules.

# Files

# Not a target:
config.mk:
#  Implicit rule search has been done.
#  Last modified 2022-07-19 09:52:59.778081496
#  File has been updated.
#  Successfully updated.

# Not a target:
all:
#  Command line target.
#  Implicit rule search has been done.
#  File does not exist.
#  File has not been updated.

# Not a target:
Makefile:
#  Implicit rule search has been done.
#  Last modified 2022-07-19 09:49:40.270987845
#  File has been updated.
#  Successfully updated.

# Not a target:
Makefile.mk:
#  Implicit rule search has been done.
#  Last modified 2022-07-19 09:49:40.270987845
#  File has been updated.
#  Successfully updated.

serial:
#  Implicit rule search has not been done.
#  Modification time never checked.
#  File has not been updated.
#  recipe to execute (from 'Makefile', line 20):
	$(MAKE) -C mpi_s test

test:
#  Implicit rule search has not been done.
#  Modification time never checked.
#  File has not been updated.
#  recipe to execute (from 'Makefile', line 30):
	$(MAKE) -C target test
	$(MAKE) -C tests test

build:
#  Implicit rule search has not been done.
#  Modification time never checked.
#  File has not been updated.
#  recipe to execute (from 'Makefile', line 23):
	@echo "Build ${MY_BUILD} -> ${BUILD}"
	$(MAKE) -C target
	$(MAKE) -C src
	$(MAKE) -C tests
 
	$(MAKE) -C util

default:
#  Implicit rule search has not been done.
#  Modification time never checked.
#  File has not been updated.
#  recipe to execute (from 'Makefile', line 15):
	$(MAKE) build

# Not a target:
.DEFAULT:
#  Implicit rule search has not been done.
#  Modification time never checked.
#  File has not been updated.

clean:
#  Implicit rule search has not been done.
#  Modification time never checked.
#  File has not been updated.
#  recipe to execute (from 'Makefile', line 34):
	$(MAKE) -C mpi_s clean
	$(MAKE) -C target clean
	$(MAKE) -C src clean
	$(MAKE) -C tests clean
	$(MAKE) -C util clean

# files hash-table stats:
# Load=11/1024=1%, Rehash=0, Collisions=0/23=0%
# VPATH Search Paths

# No 'vpath' search paths.

# No general ('VPATH' variable) search path.

# strcache buffers: 1 (0) / strings = 35 / storage = 299 B / avg = 8 B
# current buf: size = 8162 B / used = 299 B / count = 35 / avg = 8 B

# strcache performance: lookups = 48 / hit rate = 27%
# hash-table stats:
# Load=35/8192=0%, Rehash=0, Collisions=1/48=2%
# Finished Make data base on Thu Jul 21 10:27:03 2022

 
