This is pdfTeX, Version 3.14159265-2.6-1.40.20 (TeX Live 2019/Debian) (preloaded format=pdflatex 2022.7.19)  19 JUL 2022 11:53
entering extended mode
 restricted \write18 enabled.
 %&-line parsing enabled.
**ludwig.tex
(./ludwig.tex
LaTeX2e <2020-02-02> patch level 2
L3 programming layer <2020-02-14>
(/usr/share/texlive/texmf-dist/tex/latex/base/article.cls
Document Class: article 2019/12/20 v1.4l Standard LaTeX document class
(/usr/share/texlive/texmf-dist/tex/latex/base/size11.clo
File: size11.clo 2019/12/20 v1.4l Standard LaTeX file (size option)
)
\c@part=\count167
\c@section=\count168
\c@subsection=\count169
\c@subsubsection=\count170
\c@paragraph=\count171
\c@subparagraph=\count172
\c@figure=\count173
\c@table=\count174
\abovecaptionskip=\skip47
\belowcaptionskip=\skip48
\bibindent=\dimen134
)
(/usr/share/texlive/texmf-dist/tex/latex/amsmath/amsmath.sty
Package: amsmath 2020/01/20 v2.17e AMS math features
\@mathmargin=\skip49

For additional information on amsmath, use the `?' option.
(/usr/share/texlive/texmf-dist/tex/latex/amsmath/amstext.sty
Package: amstext 2000/06/29 v2.01 AMS text

(/usr/share/texlive/texmf-dist/tex/latex/amsmath/amsgen.sty
File: amsgen.sty 1999/11/30 v2.0 generic functions
\@emptytoks=\toks14
\ex@=\dimen135
))
(/usr/share/texlive/texmf-dist/tex/latex/amsmath/amsbsy.sty
Package: amsbsy 1999/11/29 v1.2d Bold Symbols
\pmbraise@=\dimen136
)
(/usr/share/texlive/texmf-dist/tex/latex/amsmath/amsopn.sty
Package: amsopn 2016/03/08 v2.02 operator names
)
\inf@bad=\count175
LaTeX Info: Redefining \frac on input line 227.
\uproot@=\count176
\leftroot@=\count177
LaTeX Info: Redefining \overline on input line 389.
\classnum@=\count178
\DOTSCASE@=\count179
LaTeX Info: Redefining \ldots on input line 486.
LaTeX Info: Redefining \dots on input line 489.
LaTeX Info: Redefining \cdots on input line 610.
\Mathstrutbox@=\box45
\strutbox@=\box46
\big@size=\dimen137
LaTeX Font Info:    Redeclaring font encoding OML on input line 733.
LaTeX Font Info:    Redeclaring font encoding OMS on input line 734.
\macc@depth=\count180
\c@MaxMatrixCols=\count181
\dotsspace@=\muskip16
\c@parentequation=\count182
\dspbrk@lvl=\count183
\tag@help=\toks15
\row@=\count184
\column@=\count185
\maxfields@=\count186
\andhelp@=\toks16
\eqnshift@=\dimen138
\alignsep@=\dimen139
\tagshift@=\dimen140
\tagwidth@=\dimen141
\totwidth@=\dimen142
\lineht@=\dimen143
\@envbody=\toks17
\multlinegap=\skip50
\multlinetaggap=\skip51
\mathdisplay@stack=\toks18
LaTeX Info: Redefining \[ on input line 2859.
LaTeX Info: Redefining \] on input line 2860.
)
(/usr/share/texlive/texmf-dist/tex/latex/moreverb/moreverb.sty
Package: moreverb 2008/06/03 v2.3a `more' verbatim facilities

(/usr/share/texlive/texmf-dist/tex/latex/tools/verbatim.sty
Package: verbatim 2019/11/10 v1.5r LaTeX2e package for verbatim enhancements
\every@verbatim=\toks19
\verbatim@line=\toks20
\verbatim@in@stream=\read2
)
\tab@position=\count187
\tab@size=\count188
\listing@line=\count189
)
(/usr/share/texlive/texmf-dist/tex/latex/graphics/lscape.sty
Package: lscape 2000/10/22 v3.01 Landscape Pages (DPC)

(/usr/share/texlive/texmf-dist/tex/latex/graphics/graphics.sty
Package: graphics 2019/11/30 v1.4a Standard LaTeX Graphics (DPC,SPQR)

(/usr/share/texlive/texmf-dist/tex/latex/graphics/trig.sty
Package: trig 2016/01/03 v1.10 sin cos tan (DPC)
)
(/usr/share/texlive/texmf-dist/tex/latex/graphics-cfg/graphics.cfg
File: graphics.cfg 2016/06/04 v1.11 sample graphics configuration
)
Package graphics Info: Driver file: pdftex.def on input line 105.

(/usr/share/texlive/texmf-dist/tex/latex/graphics-def/pdftex.def
File: pdftex.def 2018/01/08 v1.0l Graphics/color driver for pdftex
)))
(/usr/share/texlive/texmf-dist/tex/latex/eepic/epic.sty
Enhancements to Picture Environment. Version 1.2 - Released June 1, 1986
\@@multicnt=\count190
\d@lta=\count191
\@delta=\dimen144
\@@delta=\dimen145
\@gridcnt=\count192
\@joinkind=\count193
\@dotgap=\dimen146
\@ddotgap=\dimen147
\@x@diff=\count194
\@y@diff=\count195
\x@diff=\dimen148
\y@diff=\dimen149
\@dotbox=\box47
\num@segments=\count196
\num@segmentsi=\count197
\@datafile=\read3
) (/usr/share/texlive/texmf-dist/tex/latex/graphics/graphicx.sty
Package: graphicx 2019/11/30 v1.2a Enhanced LaTeX Graphics (DPC,SPQR)

(/usr/share/texlive/texmf-dist/tex/latex/graphics/keyval.sty
Package: keyval 2014/10/28 v1.15 key=value parser (DPC)
\KV@toks@=\toks21
)
\Gin@req@height=\dimen150
\Gin@req@width=\dimen151
)
(/usr/share/texlive/texmf-dist/tex/latex/tools/bm.sty
Package: bm 2019/07/24 v1.2d Bold Symbol Support (DPC/FMi)
\symboldoperators=\mathgroup4
\symboldletters=\mathgroup5
\symboldsymbols=\mathgroup6
LaTeX Font Info:    Redeclaring math alphabet \mathbf on input line 141.
LaTeX Info: Redefining \bm on input line 209.
)
(/usr/share/texlive/texmf-dist/tex/latex/hyperref/hyperref.sty
Package: hyperref 2020/01/14 v7.00d Hypertext links for LaTeX

(/usr/share/texlive/texmf-dist/tex/generic/ltxcmds/ltxcmds.sty
Package: ltxcmds 2019/12/15 v1.24 LaTeX kernel commands for general use (HO)
)
(/usr/share/texlive/texmf-dist/tex/generic/iftex/iftex.sty
Package: iftex 2019/11/07 v1.0c TeX engine tests
)
(/usr/share/texlive/texmf-dist/tex/latex/pdftexcmds/pdftexcmds.sty
Package: pdftexcmds 2019/11/24 v0.31 Utility functions of pdfTeX for LuaTeX (HO
)

(/usr/share/texlive/texmf-dist/tex/generic/infwarerr/infwarerr.sty
Package: infwarerr 2019/12/03 v1.5 Providing info/warning/error messages (HO)
)
Package pdftexcmds Info: \pdf@primitive is available.
Package pdftexcmds Info: \pdf@ifprimitive is available.
Package pdftexcmds Info: \pdfdraftmode found.
)
(/usr/share/texlive/texmf-dist/tex/generic/kvsetkeys/kvsetkeys.sty
Package: kvsetkeys 2019/12/15 v1.18 Key value parser (HO)
)
(/usr/share/texlive/texmf-dist/tex/generic/kvdefinekeys/kvdefinekeys.sty
Package: kvdefinekeys 2019-12-19 v1.6 Define keys (HO)
)
(/usr/share/texlive/texmf-dist/tex/generic/pdfescape/pdfescape.sty
Package: pdfescape 2019/12/09 v1.15 Implements pdfTeX's escape features (HO)
)
(/usr/share/texlive/texmf-dist/tex/latex/hycolor/hycolor.sty
Package: hycolor 2020-01-27 v1.10 Color options for hyperref/bookmark (HO)
)
(/usr/share/texlive/texmf-dist/tex/latex/letltxmacro/letltxmacro.sty
Package: letltxmacro 2019/12/03 v1.6 Let assignment for LaTeX macros (HO)
)
(/usr/share/texlive/texmf-dist/tex/latex/auxhook/auxhook.sty
Package: auxhook 2019-12-17 v1.6 Hooks for auxiliary files (HO)
)
(/usr/share/texlive/texmf-dist/tex/latex/kvoptions/kvoptions.sty
Package: kvoptions 2019/11/29 v3.13 Key value format for package options (HO)
)
\@linkdim=\dimen152
\Hy@linkcounter=\count198
\Hy@pagecounter=\count199

(/usr/share/texlive/texmf-dist/tex/latex/hyperref/pd1enc.def
File: pd1enc.def 2020/01/14 v7.00d Hyperref: PDFDocEncoding definition (HO)
Now handling font encoding PD1 ...
... no UTF-8 mapping file for font encoding PD1
)
(/usr/share/texlive/texmf-dist/tex/generic/intcalc/intcalc.sty
Package: intcalc 2019/12/15 v1.3 Expandable calculations with integers (HO)
)
(/usr/share/texlive/texmf-dist/tex/generic/etexcmds/etexcmds.sty
Package: etexcmds 2019/12/15 v1.7 Avoid name clashes with e-TeX commands (HO)
)
\Hy@SavedSpaceFactor=\count266
\pdfmajorversion=\count267
Package hyperref Info: Hyper figures OFF on input line 4547.
Package hyperref Info: Link nesting OFF on input line 4552.
Package hyperref Info: Hyper index ON on input line 4555.
Package hyperref Info: Plain pages OFF on input line 4562.
Package hyperref Info: Backreferencing OFF on input line 4567.
Package hyperref Info: Implicit mode ON; LaTeX internals redefined.
Package hyperref Info: Bookmarks ON on input line 4800.
\c@Hy@tempcnt=\count268

(/usr/share/texlive/texmf-dist/tex/latex/url/url.sty
\Urlmuskip=\muskip17
Package: url 2013/09/16  ver 3.4  Verb mode for urls, etc.
)
LaTeX Info: Redefining \url on input line 5159.
\XeTeXLinkMargin=\dimen153

(/usr/share/texlive/texmf-dist/tex/generic/bitset/bitset.sty
Package: bitset 2019/12/09 v1.3 Handle bit-vector datatype (HO)

(/usr/share/texlive/texmf-dist/tex/generic/bigintcalc/bigintcalc.sty
Package: bigintcalc 2019/12/15 v1.5 Expandable calculations on big integers (HO
)
))
\Fld@menulength=\count269
\Field@Width=\dimen154
\Fld@charsize=\dimen155
Package hyperref Info: Hyper figures OFF on input line 6430.
Package hyperref Info: Link nesting OFF on input line 6435.
Package hyperref Info: Hyper index ON on input line 6438.
Package hyperref Info: backreferencing OFF on input line 6445.
Package hyperref Info: Link coloring OFF on input line 6450.
Package hyperref Info: Link coloring with OCG OFF on input line 6455.
Package hyperref Info: PDF/A mode OFF on input line 6460.
LaTeX Info: Redefining \ref on input line 6500.
LaTeX Info: Redefining \pageref on input line 6504.

(/usr/share/texlive/texmf-dist/tex/generic/atbegshi/atbegshi.sty
Package: atbegshi 2019/12/05 v1.19 At begin shipout hook (HO)
)
\Hy@abspage=\count270
\c@Item=\count271
\c@Hfootnote=\count272
)
Package hyperref Info: Driver (autodetected): hpdftex.

(/usr/share/texlive/texmf-dist/tex/latex/hyperref/hpdftex.def
File: hpdftex.def 2020/01/14 v7.00d Hyperref driver for pdfTeX

(/usr/share/texlive/texmf-dist/tex/latex/atveryend/atveryend.sty
Package: atveryend 2019-12-11 v1.11 Hooks at the very end of document (HO)
Package atveryend Info: \enddocument detected (standard20110627).
)
\Fld@listcount=\count273
\c@bookmark@seq@number=\count274

(/usr/share/texlive/texmf-dist/tex/latex/rerunfilecheck/rerunfilecheck.sty
Package: rerunfilecheck 2019/12/05 v1.9 Rerun checks for auxiliary files (HO)

(/usr/share/texlive/texmf-dist/tex/generic/uniquecounter/uniquecounter.sty
Package: uniquecounter 2019/12/15 v1.4 Provide unlimited unique counter (HO)
)
Package uniquecounter Info: New unique counter `rerunfilecheck' on input line 2
86.
)
\Hy@SectionHShift=\skip52
)
(/usr/share/texlive/texmf-dist/tex/latex/graphics/color.sty
Package: color 2019/11/23 v1.2a Standard LaTeX Color (DPC)

(/usr/share/texlive/texmf-dist/tex/latex/graphics-cfg/color.cfg
File: color.cfg 2016/01/02 v1.6 sample color configuration
)
Package color Info: Driver file: pdftex.def on input line 147.
)
(/usr/share/texlive/texmf-dist/tex/latex/listings/listings.sty
\lst@mode=\count275
\lst@gtempboxa=\box48
\lst@token=\toks22
\lst@length=\count276
\lst@currlwidth=\dimen156
\lst@column=\count277
\lst@pos=\count278
\lst@lostspace=\dimen157
\lst@width=\dimen158
\lst@newlines=\count279
\lst@lineno=\count280
\lst@maxwidth=\dimen159

(/usr/share/texlive/texmf-dist/tex/latex/listings/lstmisc.sty
File: lstmisc.sty 2019/09/10 1.8c (Carsten Heinz)
\c@lstnumber=\count281
\lst@skipnumbers=\count282
\lst@framebox=\box49
)
(/usr/share/texlive/texmf-dist/tex/latex/listings/listings.cfg
File: listings.cfg 2019/09/10 1.8c listings configuration
))
Package: listings 2019/09/10 1.8c (Carsten Heinz)

(/usr/share/texlive/texmf-dist/tex/latex/mathtools/mathtools.sty
Package: mathtools 2020/01/17 v1.23 mathematical typesetting tools

(/usr/share/texlive/texmf-dist/tex/latex/tools/calc.sty
Package: calc 2017/05/25 v4.3 Infix arithmetic (KKT,FJ)
\calc@Acount=\count283
\calc@Bcount=\count284
\calc@Adimen=\dimen160
\calc@Bdimen=\dimen161
\calc@Askip=\skip53
\calc@Bskip=\skip54
LaTeX Info: Redefining \setlength on input line 80.
LaTeX Info: Redefining \addtolength on input line 81.
\calc@Ccount=\count285
\calc@Cskip=\skip55
)
(/usr/share/texlive/texmf-dist/tex/latex/mathtools/mhsetup.sty
Package: mhsetup 2017/03/31 v1.3 programming setup (MH)
)
LaTeX Info: Thecontrolsequence`\('isalreadyrobust on input line 129.
LaTeX Info: Thecontrolsequence`\)'isalreadyrobust on input line 129.
LaTeX Info: Thecontrolsequence`\['isalreadyrobust on input line 129.
LaTeX Info: Thecontrolsequence`\]'isalreadyrobust on input line 129.
\g_MT_multlinerow_int=\count286
\l_MT_multwidth_dim=\dimen162
\origjot=\skip56
\l_MT_shortvdotswithinadjustabove_dim=\dimen163
\l_MT_shortvdotswithinadjustbelow_dim=\dimen164
\l_MT_above_intertext_sep=\dimen165
\l_MT_below_intertext_sep=\dimen166
\l_MT_above_shortintertext_sep=\dimen167
\l_MT_below_shortintertext_sep=\dimen168
)
(/usr/share/texlive/texmf-dist/tex/latex/geometry/geometry.sty
Package: geometry 2020/01/02 v5.9 Page Geometry

(/usr/share/texlive/texmf-dist/tex/generic/iftex/ifvtex.sty
Package: ifvtex 2019/10/25 v1.7 ifvtex legacy package. Use iftex instead.
)
\Gm@cnth=\count287
\Gm@cntv=\count288
\c@Gm@tempcnt=\count289
\Gm@bindingoffset=\dimen169
\Gm@wd@mp=\dimen170
\Gm@odd@mp=\dimen171
\Gm@even@mp=\dimen172
\Gm@layoutwidth=\dimen173
\Gm@layoutheight=\dimen174
\Gm@layouthoffset=\dimen175
\Gm@layoutvoffset=\dimen176
\Gm@dimlist=\toks23
)
(/usr/share/texlive/texmf-dist/tex/latex/l3backend/l3backend-pdfmode.def
File: l3backend-pdfmode.def 2020-02-03 L3 backend support: PDF mode
\l__kernel_color_stack_int=\count290
\l__pdf_internal_box=\box50
)
No file ludwig.aux.
\openout1 = `ludwig.aux'.

LaTeX Font Info:    Checking defaults for OML/cmm/m/it on input line 62.
LaTeX Font Info:    ... okay on input line 62.
LaTeX Font Info:    Checking defaults for OMS/cmsy/m/n on input line 62.
LaTeX Font Info:    ... okay on input line 62.
LaTeX Font Info:    Checking defaults for OT1/cmr/m/n on input line 62.
LaTeX Font Info:    ... okay on input line 62.
LaTeX Font Info:    Checking defaults for T1/cmr/m/n on input line 62.
LaTeX Font Info:    ... okay on input line 62.
LaTeX Font Info:    Checking defaults for TS1/cmr/m/n on input line 62.
LaTeX Font Info:    ... okay on input line 62.
LaTeX Font Info:    Checking defaults for OMX/cmex/m/n on input line 62.
LaTeX Font Info:    ... okay on input line 62.
LaTeX Font Info:    Checking defaults for U/cmr/m/n on input line 62.
LaTeX Font Info:    ... okay on input line 62.
LaTeX Font Info:    Checking defaults for PD1/pdf/m/n on input line 62.
LaTeX Font Info:    ... okay on input line 62.
(/usr/share/texlive/texmf-dist/tex/context/base/mkii/supp-pdf.mkii
[Loading MPS to PDF converter (version 2006.09.02).]
\scratchcounter=\count291
\scratchdimen=\dimen177
\scratchbox=\box51
\nofMPsegments=\count292
\nofMParguments=\count293
\everyMPshowfont=\toks24
\MPscratchCnt=\count294
\MPscratchDim=\dimen178
\MPnumerator=\count295
\makeMPintoPDFobject=\count296
\everyMPtoPDFconversion=\toks25
) (/usr/share/texlive/texmf-dist/tex/latex/epstopdf-pkg/epstopdf-base.sty
Package: epstopdf-base 2020-01-24 v2.11 Base part for package epstopdf
Package epstopdf-base Info: Redefining graphics rule for `.eps' on input line 4
85.

(/usr/share/texlive/texmf-dist/tex/latex/latexconfig/epstopdf-sys.cfg
File: epstopdf-sys.cfg 2010/07/13 v1.3 Configuration of (r)epstopdf for TeX Liv
e
))
\AtBeginShipoutBox=\box52
Package hyperref Info: Link coloring OFF on input line 62.

(/usr/share/texlive/texmf-dist/tex/latex/hyperref/nameref.sty
Package: nameref 2019/09/16 v2.46 Cross-referencing by name of section

(/usr/share/texlive/texmf-dist/tex/latex/refcount/refcount.sty
Package: refcount 2019/12/15 v3.6 Data extraction from label references (HO)
)
(/usr/share/texlive/texmf-dist/tex/generic/gettitlestring/gettitlestring.sty
Package: gettitlestring 2019/12/15 v1.6 Cleanup title references (HO)
)
\c@section@level=\count297
)
LaTeX Info: Redefining \ref on input line 62.
LaTeX Info: Redefining \pageref on input line 62.
LaTeX Info: Redefining \nameref on input line 62.
\@outlinefile=\write3
\openout3 = `ludwig.out'.

\c@lstlisting=\count298

*geometry* driver: auto-detecting
*geometry* detected driver: pdftex
*geometry* verbose mode - [ preamble ] result:
* driver: pdftex
* paper: a4paper
* layout: <same size as paper>
* layoutoffset:(h,v)=(0.0pt,0.0pt)
* modes: twoside 
* h-part:(L,W,R)=(88.2037pt, 421.10046pt, 88.2037pt)
* v-part:(T,H,B)=(64.01869pt, 717.00946pt, 64.01869pt)
* \paperwidth=597.50787pt
* \paperheight=845.04684pt
* \textwidth=421.10046pt
* \textheight=717.00946pt
* \oddsidemargin=15.93372pt
* \evensidemargin=15.93372pt
* \topmargin=-45.2513pt
* \headheight=12.0pt
* \headsep=25.0pt
* \topskip=11.0pt
* \footskip=30.0pt
* \marginparwidth=103.0pt
* \marginparsep=10.0pt
* \columnsep=10.0pt
* \skip\footins=10.0pt plus 4.0pt minus 2.0pt
* \hoffset=0.0pt
* \voffset=0.0pt
* \mag=1000
* \@twocolumnfalse
* \@twosidetrue
* \@mparswitchtrue
* \@reversemarginfalse
* (1in=72.27pt=25.4mm, 1cm=28.453pt)

\tf@toc=\write4
\openout4 = `ludwig.toc'.

[1

{/var/lib/texmf/fonts/map/pdftex/updmap/pdftex.map}] (./intro.tex [1

]
[2]
LaTeX Font Info:    Trying to load font information for TS1+cmtt on input line 
141.
 (/usr/share/texlive/texmf-dist/tex/latex/base/ts1cmtt.fd
File: ts1cmtt.fd 2019/12/16 v2.5j Standard LaTeX font definitions
)
Package hyperref Info: bookmark level for unknown lstlisting defaults to 0 on i
nput line 157.

(../tests/regression/d3q19-extra/serial-auto-c01.inp) [3]
(../tests/regression/d3q19-extra/serial-auto-c01.log) [4]

LaTeX Warning: Reference `section-examples' on page 5 undefined on input line 2
68.


LaTeX Warning: Citation `cates_scaling' on page 5 undefined on input line 304.

[5]) [6] (./devel.tex

LaTeX Warning: Citation `gray2013' on page 7 undefined on input line 35.


LaTeX Warning: Citation `kendon2001' on page 7 undefined on input line 51.


LaTeX Warning: Citation `desplat2001' on page 7 undefined on input line 61.

[7]

LaTeX Warning: Reference `section:lb-hydrodynamics' on page 8 undefined on inpu
t line 157.


LaTeX Warning: Citation `succi' on page 8 undefined on input line 160.

[8] [9]) (./lb.tex

LaTeX Warning: Reference `eq_mass1' on page 10 undefined on input line 32.


LaTeX Warning: Reference `eq_momentum1' on page 10 undefined on input line 35.

[10]

LaTeX Warning: Reference `table-d2q9-spec' on page 11 undefined on input line 1
57.


LaTeX Warning: Reference `table-d3q15-spec' on page 11 undefined on input line 
211.


LaTeX Warning: Reference `table-d3q19-spec' on page 11 undefined on input line 
305.

[11]

LaTeX Warning: Citation `adhikari2005' on page 12 undefined on input line 410.


LaTeX Warning: Reference `eq_fvar' on page 12 undefined on input line 448.

[12]

LaTeX Warning: Citation `l94a' on page 13 undefined on input line 464.


LaTeX Warning: Citation `l94b' on page 13 undefined on input line 464.

[13]

LaTeX Warning: Citation `heemels' on page 14 undefined on input line 497.


LaTeX Warning: Citation `nguyen-ladd2002' on page 14 undefined on input line 49
9.


LaTeX Warning: Reference `section:colloids' on page 14 undefined on input line 
537.

[14]) [15] (./leesedwards.tex

LaTeX Warning: Citation `lees-edwards1972' on page 16 undefined on input line 2
4.


LaTeX Warning: Citation `wagner-pagonabarraga2002' on page 16 undefined on inpu
t line 26.


LaTeX Warning: Citation `adhikari-desplat2005' on page 16 undefined on input li
ne 28.


LaTeX Warning: Reference `eq:' on page 16 undefined on input line 62.


LaTeX Warning: Citation `adhikari-desplat2005' on page 16 undefined on input li
ne 69.

[16]) [17] (./colloid.tex

LaTeX Warning: Citation `l94b' on page 18 undefined on input line 39.


LaTeX Warning: Citation `nguyen-ladd2002' on page 18 undefined on input line 39
.


LaTeX Warning: Citation `heemels' on page 18 undefined on input line 41.


LaTeX Warning: Citation `nguyen-ladd2002' on page 18 undefined on input line 41
.


LaTeX Warning: Reference `eq-colloid-ub' on page 18 undefined on input line 45.



LaTeX Warning: Reference `eq-colloid-fb' on page 18 undefined on input line 46.



LaTeX Warning: Reference `eq-colloid-implicit-update' on page 18 undefined on i
nput line 127.

[18]

LaTeX Warning: Reference `eq-colloid-position-update' on page 19 undefined on i
nput line 142.


LaTeX Warning: Reference `section-colloid-hydrodynamics' on page 19 undefined o
n input line 187.


LaTeX Warning: Citation `l96a' on page 19 undefined on input line 196.


LaTeX Warning: Citation `l96a' on page 19 undefined on input line 200.

[19]

LaTeX Warning: Citation `nguyen-ladd2002' on page 20 undefined on input line 23
0.


LaTeX Warning: Reference `eq:q1' on page 20 undefined on input line 244.


LaTeX Warning: Reference `eq:q2' on page 20 undefined on input line 254.


LaTeX Warning: Reference `eq-colloid-implicit-update' on page 20 undefined on i
nput line 287.


LaTeX Warning: Citation `nguyen-ladd2002' on page 20 undefined on input line 29
8.

[20]

LaTeX Warning: Reference `eq:q1' on page 21 undefined on input line 318.


LaTeX Warning: Citation `nguyen-ladd2002' on page 21 undefined on input line 37
3.

[21]

LaTeX Warning: Citation `nguyen-ladd2002' on page 22 undefined on input line 42
5.


LaTeX Warning: Reference `eq_ss_shift' on page 22 undefined on input line 483.

[22pdfTeX warning (ext4): destination with the same identifier (name{equation.6
.63}) has been already used, duplicate ignored

\AtBegShi@Output ...ipout \box \AtBeginShipoutBox 
                                                  \fi \fi 
l.488 \end{equation}
                    ]

LaTeX Warning: Citation `allen-tildesley' on page 23 undefined on input line 51
8.


LaTeX Warning: Citation `rapaport1995' on page 23 undefined on input line 518.

[23]) [24] (./binary.tex

LaTeX Warning: Citation `swift1996' on page 25 undefined on input line 25.


LaTeX Warning: Citation `kendon2001' on page 25 undefined on input line 26.


LaTeX Warning: Citation `desplat2001' on page 25 undefined on input line 30.


LaTeX Warning: Reference `figure-symmetric-schematic' on page 25 undefined on i
nput line 65.


LaTeX Warning: Citation `chaikin-lubensky' on page 25 undefined on input line 8
8.

[25]

LaTeX Warning: Reference `figure-symmetric-schematic' on page 26 undefined on i
nput line 107.

<figures/symmetric.pdf, id=330, 650.43pt x 216.81pt>
File: figures/symmetric.pdf Graphic file (type pdf)
<use figures/symmetric.pdf>
Package pdftex.def Info: figures/symmetric.pdf  used on input line 131.
(pdftex.def)             Requested size: 378.98784pt x 126.33212pt.
[26 <./figures/symmetric.pdf>]

LaTeX Warning: Reference `section-examples' on page 27 undefined on input line 
182.


LaTeX Warning: Citation `cahn-hilliard-1958' on page 27 undefined on input line
 213.


LaTeX Warning: Reference `eq-cahn-hilliard-final' on page 27 undefined on input
 line 234.

[27]

LaTeX Warning: Reference `equation-lb-f-moments' on page 28 undefined on input 
line 294.


LaTeX Warning: Citation `j-stat-phys-2005' on page 28 undefined on input line 3
17.


LaTeX Warning: Citation `kendon2001' on page 28 undefined on input line 322.


Overfull \hbox (4.1649pt too wide) in paragraph at lines 339--345
\OT1/cmr/m/n/10.95 where the $\OML/cmm/m/it/10.95 ^^N[]$ \OT1/cmr/m/n/10.95 has
 the ef-fect of mov-ing most of the or-der pa-ram-e-ter into the non-propagatin
g
 []

[28]) [29] (./liquidcrystal.tex

LaTeX Warning: Citation `degennes-prost2002' on page 30 undefined on input line
 31.


LaTeX Warning: Citation `wright-mermin' on page 30 undefined on input line 31.


LaTeX Warning: Reference `equation-lc-gradient-fe' on page 30 undefined on inpu
t line 113.


LaTeX Warning: Reference `equation-lc-gradient-fe' on page 30 undefined on inpu
t line 123.

[30pdfTeX warning (ext4): destination with the same identifier (name{equation.8
.95}) has been already used, duplicate ignored

\AtBegShi@Output ...ipout \box \AtBeginShipoutBox 
                                                  \fi \fi 
l.130 \end{equation}
                    pdfTeX warning (ext4): destination with the same identifier
 (name{equation.8.95}) has been already used, duplicate ignored

\AtBegShi@Output ...ipout \box \AtBeginShipoutBox 
                                                  \fi \fi 
l.130 \end{equation}
                    ]pdfTeX warning (ext4): destination with the same identifie
r (name{equation.8.95}) has been already used, duplicate ignored
<to be read again> 
                   \relax 
l.132 \begin{equation}
                      pdfTeX warning (ext4): destination with the same identifi
er (name{equation.8.95}) has been already used, duplicate ignored
<to be read again> 
                   \relax 
l.132 \begin{equation}
                      pdfTeX warning (ext4): destination with the same identifi
er (name{equation.8.95}) has been already used, duplicate ignored
<to be read again> 
                   \relax 
l.132 \begin{equation}
                      pdfTeX warning (ext4): destination with the same identifi
er (name{equation.8.95}) has been already used, duplicate ignored
<to be read again> 
                   \relax 
l.132 \begin{equation}
                      pdfTeX warning (ext4): destination with the same identifi
er (name{equation.8.95}) has been already used, duplicate ignored
<to be read again> 
                   \relax 
l.145 \begin{eqnarray}
                      pdfTeX warning (ext4): destination with the same identifi
er (name{equation.8.95}) has been already used, duplicate ignored
<to be read again> 
                   \relax 
l.145 \begin{eqnarray}
                      pdfTeX warning (ext4): destination with the same identifi
er (name{equation.8.95}) has been already used, duplicate ignored
<to be read again> 
                   \relax 
l.145 \begin{eqnarray}
                      pdfTeX warning (ext4): destination with the same identifi
er (name{equation.8.95}) has been already used, duplicate ignored
<to be read again> 
                   \relax 
l.145 \begin{eqnarray}
                       [31pdfTeX warning (ext4): destination with the same iden
tifier (name{equation.8.95}) has been already used, duplicate ignored

\AtBegShi@Output ...ipout \box \AtBeginShipoutBox 
                                                  \fi \fi 
l.257 \end{equation}
                    pdfTeX warning (ext4): destination with the same identifier
 (name{equation.8.99}) has been already used, duplicate ignored

\AtBegShi@Output ...ipout \box \AtBeginShipoutBox 
                                                  \fi \fi 
l.257 \end{equation}
                    ]

LaTeX Warning: Reference `equation-lc-general-bc' on page 32 undefined on input
 line 264.


LaTeX Warning: Citation `fournier2005' on page 32 undefined on input line 285.


LaTeX Warning: Reference `equation-lc-amplitude' on page 32 undefined on input 
line 293.


LaTeX Warning: Reference `equation-lc-general-bc' on page 32 undefined on input
 line 307.


LaTeX Warning: Citation `beris-edwards' on page 32 undefined on input line 329.


[32pdfTeX warning (ext4): destination with the same identifier (name{equation.8
.99}) has been already used, duplicate ignored

\AtBegShi@Output ...ipout \box \AtBeginShipoutBox 
                                                  \fi \fi 
l.374 \end{equation}
                    ]

LaTeX Warning: Reference `equation-lc-stress' on page 33 undefined on input lin
e 389.


LaTeX Warning: Reference `equation-lc-stress' on page 33 undefined on input lin
e 423.


LaTeX Warning: Reference `figure-lc-hybrid' on page 33 undefined on input line 
438.

(./figures/hybrid.tex)

LaTeX Warning: `h' float specifier changed to `ht'.

[33pdfTeX warning (ext4): destination with the same identifier (name{equation.8
.106}) has been already used, duplicate ignored

\AtBegShi@Output ...ipout \box \AtBeginShipoutBox 
                                                  \fi \fi 
l.470 \begin{equation}
                      ]

LaTeX Warning: Reference `equation-lc-general-bc' on page 34 undefined on input
 line 554.


LaTeX Warning: Reference `equation-lc-general-bc' on page 34 undefined on input
 line 569.


LaTeX Warning: Reference `table-lc-bc' on page 34 undefined on input line 571.

[34]

LaTeX Warning: Reference `table-lc-bc' on page 35 undefined on input line 596.

) [35] (./lc-emulsion.tex

LaTeX Warning: Reference `section-binary' on page 36 undefined on input line 24
.


LaTeX Warning: Reference `section-lc' on page 36 undefined on input line 25.


LaTeX Warning: Reference `eq-binary-fed' on page 36 undefined on input line 52.



LaTeX Warning: Reference `eq-lc-fed-bulk' on page 36 undefined on input line 60
.


LaTeX Warning: Reference `eq-lc-fed' on page 36 undefined on input line 72.


LaTeX Warning: Reference `eq-lc-fed' on page 36 undefined on input line 75.


LaTeX Warning: Reference `equation-lc-gradient-fe' on page 36 undefined on inpu
t line 76.

[36]

LaTeX Warning: Reference `eq-lc-h-full' on page 37 undefined on input line 150.



LaTeX Warning: Citation `sulaiman2006' on page 37 undefined on input line 202.


LaTeX Warning: Reference `eq-lc-emulsion-pab' on page 37 undefined on input lin
e 204.


Overfull \hbox (19.04364pt too wide) detected at line 213
[][]\OML/cmm/m/it/10.95 @[] [] \OT1/cmr/m/n/10.95 + \OML/cmm/m/it/10.95 @[] [] 
@[]^^^ \OT1/cmr/m/n/10.95 + []\OML/cmm/m/it/10.95 @[] [] \OT1/cmr/m/n/10.95 + \
OML/cmm/m/it/10.95 @[] [] @[]Q[] \OT1/cmr/m/n/10.95 + []\OML/cmm/m/it/10.95 @[]
 [] :
 []

[37pdfTeX warning (ext4): destination with the same identifier (name{equation.9
.120}) has been already used, duplicate ignored

\AtBegShi@Output ...ipout \box \AtBeginShipoutBox 
                                                  \fi \fi 
l.213 \end{equation}
                    pdfTeX warning (ext4): destination with the same identifier
 (name{equation.9.122}) has been already used, duplicate ignored

\AtBegShi@Output ...ipout \box \AtBeginShipoutBox 
                                                  \fi \fi 
l.213 \end{equation}
                    pdfTeX warning (ext4): destination with the same identifier
 (name{equation.9.122}) has been already used, duplicate ignored

\AtBegShi@Output ...ipout \box \AtBeginShipoutBox 
                                                  \fi \fi 
l.213 \end{equation}
                    ]

LaTeX Warning: Reference `eq-lc-emulsion-force' on page 38 undefined on input l
ine 214.


LaTeX Warning: Reference `eq-lc-emulsion-force' on page 38 undefined on input l
ine 222.


LaTeX Warning: Reference `eq-lc-emulsion-stress' on page 38 undefined on input 
line 244.


LaTeX Warning: Reference `eq-lc-emulsion-hgradq' on page 38 undefined on input 
line 250.

) [38pdfTeX warning (ext4): destination with the same identifier (name{equation
.9.124}) has been already used, duplicate ignored

\AtBegShi@Output ...ipout \box \AtBeginShipoutBox 
                                                  \fi \fi 
l.116 \input
            {electrokinetic.tex}pdfTeX warning (ext4): destination with the sam
e identifier (name{equation.9.124}) has been already used, duplicate ignored

\AtBegShi@Output ...ipout \box \AtBeginShipoutBox 
                                                  \fi \fi 
l.116 \input
            {electrokinetic.tex}] (./electrokinetic.tex

LaTeX Warning: Citation `Landau-ED' on page 39 undefined on input line 67.


LaTeX Warning: Citation `Melcher' on page 39 undefined on input line 67.

[39]
Underfull \hbox (badness 10000) in paragraph at lines 108--109

 []

[40]

LaTeX Warning: Citation `Landau-EL' on page 41 undefined on input line 150.


Underfull \hbox (badness 10000) in paragraph at lines 150--151

 []

[41]

LaTeX Warning: Citation `Lyklema' on page 42 undefined on input line 171.


LaTeX Warning: Citation `Mafe' on page 42 undefined on input line 173.


LaTeX Warning: Citation `Capuani' on page 42 undefined on input line 174.


LaTeX Warning: Citation `Rotenberg' on page 42 undefined on input line 174.


LaTeX Warning: Citation `Lyklema' on page 42 undefined on input line 176.


LaTeX Warning: Citation `Lyklema' on page 42 undefined on input line 185.

<./pics/test1.pdf, id=548, 361.35pt x 252.945pt>
File: ./pics/test1.pdf Graphic file (type pdf)
<use ./pics/test1.pdf>
Package pdftex.def Info: ./pics/test1.pdf  used on input line 190.
(pdftex.def)             Requested size: 208.44267pt x 145.90926pt.
<./pics/test2.pdf, id=549, 361.35pt x 252.945pt>
File: ./pics/test2.pdf Graphic file (type pdf)
<use ./pics/test2.pdf>
Package pdftex.def Info: ./pics/test2.pdf  used on input line 191.
(pdftex.def)             Requested size: 208.44267pt x 145.90926pt.
[42 <./pics/test1.pdf> <./pics/test2.pdf>]
<./pics/test3.pdf, id=579, 361.35pt x 252.945pt>
File: ./pics/test3.pdf Graphic file (type pdf)
<use ./pics/test3.pdf>
Package pdftex.def Info: ./pics/test3.pdf  used on input line 239.
(pdftex.def)             Requested size: 208.44267pt x 145.90926pt.
<./pics/test3-rho.pdf, id=580, 361.35pt x 252.945pt>
File: ./pics/test3-rho.pdf Graphic file (type pdf)
<use ./pics/test3-rho.pdf>
Package pdftex.def Info: ./pics/test3-rho.pdf  used on input line 240.
(pdftex.def)             Requested size: 208.44267pt x 145.90926pt.


LaTeX Warning: Reference `gouychapman' on page 43 undefined on input line 241.


LaTeX Warning: Reference `gouychapman' on page 43 undefined on input line 241.


LaTeX Warning: Reference `gouychapman' on page 43 undefined on input line 264.


LaTeX Warning: Reference `fig1' on page 43 undefined on input line 265.

[43 <./pics/test3.pdf> <./pics/test3-rho.pdf>]

LaTeX Warning: Reference `gouychapman' on page 44 undefined on input line 267.


LaTeX Warning: Reference `fig2' on page 44 undefined on input line 270.

<./pics/test_lj_zoom1.pdf, id=607, 361.35pt x 252.945pt>
File: ./pics/test_lj_zoom1.pdf Graphic file (type pdf)
<use ./pics/test_lj_zoom1.pdf>
Package pdftex.def Info: ./pics/test_lj_zoom1.pdf  used on input line 298.
(pdftex.def)             Requested size: 208.44267pt x 145.90926pt.
<./pics/test_lj_zoom3.pdf, id=608, 361.35pt x 252.945pt>
File: ./pics/test_lj_zoom3.pdf Graphic file (type pdf)
<use ./pics/test_lj_zoom3.pdf>
Package pdftex.def Info: ./pics/test_lj_zoom3.pdf  used on input line 299.
(pdftex.def)             Requested size: 208.44267pt x 145.90926pt.
[44 <./pics/test_lj_zoom1.pdf> <./pics/test_lj_zoom3.pdf>]
<./pics/test_lj_decay1.pdf, id=635, 361.35pt x 252.945pt>
File: ./pics/test_lj_decay1.pdf Graphic file (type pdf)
<use ./pics/test_lj_decay1.pdf>
Package pdftex.def Info: ./pics/test_lj_decay1.pdf  used on input line 338.
(pdftex.def)             Requested size: 378.98784pt x 265.29518pt.


LaTeX Warning: Citation `Mafe' on page 45 undefined on input line 359.


LaTeX Warning: Reference `taud' on page 45 undefined on input line 361.


LaTeX Warning: Citation `Mafe' on page 45 undefined on input line 361.


LaTeX Warning: Reference `fig3' on page 45 undefined on input line 367.

[45 <./pics/test_lj_decay1.pdf>]

LaTeX Warning: Reference `fig4' on page 46 undefined on input line 369.


LaTeX Warning: Reference `taud' on page 46 undefined on input line 370.


LaTeX Warning: Reference `klin' on page 46 undefined on input line 420.


LaTeX Warning: Reference `kex' on page 46 undefined on input line 421.


LaTeX Warning: Reference `kex' on page 46 undefined on input line 426.


LaTeX Warning: Citation `Capuani' on page 46 undefined on input line 427.


LaTeX Warning: Citation `Rotenberg' on page 46 undefined on input line 427.


LaTeX Warning: Reference `klin' on page 46 undefined on input line 428.

[46]

LaTeX Warning: Reference `fig6' on page 47 undefined on input line 439.


LaTeX Warning: Reference `kex' on page 47 undefined on input line 442.

<./pics/test_eo.pdf, id=662, 361.35pt x 252.945pt>
File: ./pics/test_eo.pdf Graphic file (type pdf)
<use ./pics/test_eo.pdf>
Package pdftex.def Info: ./pics/test_eo.pdf  used on input line 446.
(pdftex.def)             Requested size: 378.98784pt x 265.29518pt.

LaTeX Warning: Reference `vy' on page 47 undefined on input line 447.


LaTeX Warning: Reference `vhat' on page 47 undefined on input line 447.


LaTeX Warning: Reference `vy' on page 47 undefined on input line 447.


LaTeX Warning: Reference `vhat' on page 47 undefined on input line 447.


LaTeX Warning: Reference `fig7' on page 47 undefined on input line 455.

<./pics/test_dh1.pdf, id=663, 505.89pt x 722.7pt>
File: ./pics/test_dh1.pdf Graphic file (type pdf)
<use ./pics/test_dh1.pdf>
Package pdftex.def Info: ./pics/test_dh1.pdf  used on input line 478.
(pdftex.def)             Requested size: 505.88875pt x 722.69823pt.
<./pics/test_dh2.pdf, id=664, 505.89pt x 722.7pt>
File: ./pics/test_dh2.pdf Graphic file (type pdf)
<use ./pics/test_dh2.pdf>
Package pdftex.def Info: ./pics/test_dh2.pdf  used on input line 479.
(pdftex.def)             Requested size: 505.88875pt x 722.69823pt.
[47 <./pics/test_eo.pdf>] [48 <./pics/test_dh1.pdf> <./pics/test_dh2.pdf>])
(./input.tex [49

]

LaTeX Warning: Reference `input-fluid-parameters' on page 50 undefined on input
 line 103.

[50]

LaTeX Warning: Reference `section-lc-anchoring' on page 51 undefined on input l
ine 235.

[51] [52] [53] [54] [55] [56]

LaTeX Warning: Reference `section-colloids-soft-sphere' on page 57 undefined on
 input line 632.


LaTeX Warning: Reference `section-colloids-lennard-jones' on page 57 undefined 
on input line 635.


Package hyperref Warning: Token not allowed in a PDF string (PDFDocEncoding):
(hyperref)                removing `math shift' on input line 699.


Package hyperref Warning: Token not allowed in a PDF string (PDFDocEncoding):
(hyperref)                removing `\phi' on input line 699.


Package hyperref Warning: Token not allowed in a PDF string (PDFDocEncoding):
(hyperref)                removing `math shift' on input line 699.

[57]

Package hyperref Warning: Token not allowed in a PDF string (PDFDocEncoding):
(hyperref)                removing `math shift' on input line 748.


Package hyperref Warning: Token not allowed in a PDF string (PDFDocEncoding):
(hyperref)                removing `subscript' on input line 748.


Package hyperref Warning: Token not allowed in a PDF string (PDFDocEncoding):
(hyperref)                removing `\alpha' on input line 748.


Package hyperref Warning: Token not allowed in a PDF string (PDFDocEncoding):
(hyperref)                removing `\beta' on input line 748.


Package hyperref Warning: Token not allowed in a PDF string (PDFDocEncoding):
(hyperref)                removing `math shift' on input line 748.

[58]) [59] (./examples.tex

LaTeX Warning: Citation `lipanmiller' on page 60 undefined on input line 45.


LaTeX Warning: Citation `ginzburg' on page 60 undefined on input line 46.


LaTeX Warning: Citation `papanastasiou' on page 60 undefined on input line 59.


LaTeX Warning: Citation `papanastasiou' on page 60 undefined on input line 76.


LaTeX Warning: Citation `edo1' on page 60 undefined on input line 76.


Overfull \hbox (5.11758pt too wide) in paragraph at lines 90--93
\OT1/cmr/m/n/10.95 sec-tion. We can set up the struc-ture us-ing the util-ity p
ro-gram found in \OT1/cmtt/m/n/10.95 util/capillary.c\OT1/cmr/m/n/10.95 . 
 []

[60] [61] [62]

LaTeX Warning: Reference `section-examples-exact-conductance' on page 63 undefi
ned on input line 257.


LaTeX Warning: Citation `succi' on page 63 undefined on input line 305.

[63]

LaTeX Warning: Citation `batchelor' on page 64 undefined on input line 355.


LaTeX Warning: Citation `cates_scaling' on page 64 undefined on input line 360.


) [64] (./develop.tex [65]

LaTeX Warning: Reference `subsection:addressing-how-to' on page 66 undefined on
 input line 248.

[66]

LaTeX Warning: Reference `subsection:addressing-model-rank1' on page 67 undefin
ed on input line 289.

[67] [68]) (./references.tex
Underfull \hbox (badness 2671) in paragraph at lines 33--36
[]\OT1/cmr/m/n/10.95 Apache Portable Run-time Project ``APR's Ver-sion Num-ber-
ing''. See, e.g.,
 []

[69

] [70] [71])
Package atveryend Info: Empty hook `BeforeClearDocument' on input line 125.
 [72]
Package atveryend Info: Empty hook `AfterLastShipout' on input line 125.
 (./ludwig.aux)
Package atveryend Info: Executing hook `AtVeryEndDocument' on input line 125.
Package atveryend Info: Executing hook `AtEndAfterFileList' on input line 125.


Package rerunfilecheck Warning: File `ludwig.out' has changed.
(rerunfilecheck)                Rerun to get outlines right
(rerunfilecheck)                or use package `bookmark'.

Package rerunfilecheck Info: Checksums for `ludwig.out':
(rerunfilecheck)             Before: <no file>
(rerunfilecheck)             After:  56F2363775DC25EB885809E239B90698;11638.

LaTeX Warning: There were undefined references.


LaTeX Warning: Label(s) may have changed. Rerun to get cross-references right.

Package atveryend Info: Empty hook `AtVeryVeryEnd' on input line 125.
 ) 
Here is how much of TeX's memory you used:
 9876 strings out of 481239
 146286 string characters out of 5920377
 457222 words of memory out of 5000000
 24074 multiletter control sequences out of 15000+600000
 546013 words of font info for 71 fonts, out of 8000000 for 9000
 1141 hyphenation exceptions out of 8191
 34i,26n,36p,811b,1795s stack positions out of 5000i,500n,10000p,200000b,80000s
{/usr/share/texmf/fonts/enc/dvips/cm-super/cm-super-ts1.enc}</usr/share/texli
ve/texmf-dist/fonts/type1/public/amsfonts/cm/cmbsy10.pfb></usr/share/texlive/te
xmf-dist/fonts/type1/public/amsfonts/cm/cmbx10.pfb></usr/share/texlive/texmf-di
st/fonts/type1/public/amsfonts/cm/cmbx12.pfb></usr/share/texlive/texmf-dist/fon
ts/type1/public/amsfonts/cm/cmex10.pfb></usr/share/texlive/texmf-dist/fonts/typ
e1/public/amsfonts/cm/cmmi10.pfb></usr/share/texlive/texmf-dist/fonts/type1/pub
lic/amsfonts/cm/cmmi6.pfb></usr/share/texlive/texmf-dist/fonts/type1/public/ams
fonts/cm/cmmi7.pfb></usr/share/texlive/texmf-dist/fonts/type1/public/amsfonts/c
m/cmmi8.pfb></usr/share/texlive/texmf-dist/fonts/type1/public/amsfonts/cm/cmmib
10.pfb></usr/share/texlive/texmf-dist/fonts/type1/public/amsfonts/cm/cmr10.pfb>
</usr/share/texlive/texmf-dist/fonts/type1/public/amsfonts/cm/cmr12.pfb></usr/s
hare/texlive/texmf-dist/fonts/type1/public/amsfonts/cm/cmr17.pfb></usr/share/te
xlive/texmf-dist/fonts/type1/public/amsfonts/cm/cmr6.pfb></usr/share/texlive/te
xmf-dist/fonts/type1/public/amsfonts/cm/cmr8.pfb></usr/share/texlive/texmf-dist
/fonts/type1/public/amsfonts/cm/cmsy10.pfb></usr/share/texlive/texmf-dist/fonts
/type1/public/amsfonts/cm/cmsy6.pfb></usr/share/texlive/texmf-dist/fonts/type1/
public/amsfonts/cm/cmsy8.pfb></usr/share/texlive/texmf-dist/fonts/type1/public/
amsfonts/cm/cmti10.pfb></usr/share/texlive/texmf-dist/fonts/type1/public/amsfon
ts/cm/cmtt10.pfb></usr/share/texlive/texmf-dist/fonts/type1/public/amsfonts/lat
xfont/lcircle1.pfb></usr/share/texlive/texmf-dist/fonts/type1/public/amsfonts/l
atxfont/line10.pfb></usr/share/texmf/fonts/type1/public/cm-super/sfrm1095.pfb><
/usr/share/texmf/fonts/type1/public/cm-super/sftt1000.pfb>
Output written on ludwig.pdf (73 pages, 795466 bytes).
PDF statistics:
 1515 PDF objects out of 1728 (max. 8388607)
 1347 compressed objects within 14 object streams
 859 named destinations out of 1000 (max. 500000)
 56 words of extra memory for PDF output out of 10000 (max. 10000000)

